<?xml version="1.0" encoding="UTF-8"?>
<!-- Generated by org.testng.reporters.JUnitReportReporter -->
<testsuite hostname="DESKTOP-MUG33TE" failures="0" tests="1" name="sachinkumarBiradar.EndToEnd_Test_06" time="6.467" errors="0" timestamp="2023-04-05T15:37:08 IST" skipped="0">
  <testcase classname="sachinkumarBiradar.EndToEnd_Test_06" name="TC_10_InsertProduct" time="6.467"/>
  <system-out/>
</testsuite> <!-- sachinkumarBiradar.EndToEnd_Test_06 -->
