<?xml version="1.0" encoding="UTF-8"?>
<!-- Generated by org.testng.reporters.JUnitReportReporter -->
<testsuite hostname="DESKTOP-MUG33TE" failures="0" tests="1" name="sachinkumarBiradar.EndToEnd_Test_04" time="3.449" errors="0" timestamp="2023-04-03T16:20:32 IST" skipped="0">
  <testcase classname="sachinkumarBiradar.EndToEnd_Test_04" name="TC_08_removeCategory" time="3.449"/>
  <system-out/>
</testsuite> <!-- sachinkumarBiradar.EndToEnd_Test_04 -->
