<?xml version="1.0" encoding="UTF-8"?>
<!-- Generated by org.testng.reporters.JUnitReportReporter -->
<testsuite hostname="DESKTOP-MUG33TE" failures="0" tests="1" name="sachinkumarBiradar.EndToEnd_Test_03" time="3.111" errors="0" timestamp="2023-04-03T16:20:04 IST" skipped="0">
  <testcase classname="sachinkumarBiradar.EndToEnd_Test_03" name="TC_07_Edit_Category" time="3.111"/>
  <system-out/>
</testsuite> <!-- sachinkumarBiradar.EndToEnd_Test_03 -->
