<?xml version="1.0" encoding="UTF-8"?>
<!-- Generated by org.testng.reporters.JUnitReportReporter -->
<testsuite hostname="DESKTOP-MUG33TE" failures="0" tests="1" name="sachinkumarBiradar.EndToEnd_Test_02" time="5.627" errors="0" timestamp="2023-03-31T17:35:39 IST" skipped="0">
  <testcase classname="sachinkumarBiradar.EndToEnd_Test_02" name="TC_02_Order" time="5.627"/>
  <system-out/>
</testsuite> <!-- sachinkumarBiradar.EndToEnd_Test_02 -->
