<?xml version="1.0" encoding="UTF-8"?>
<!-- Generated by org.testng.reporters.JUnitReportReporter -->
<testsuite hostname="DESKTOP-MUG33TE" failures="0" tests="1" name="sachinkumarBiradar.EndToEnd_Test_05" time="3.796" errors="0" timestamp="2023-04-04T14:39:51 IST" skipped="0">
  <testcase classname="sachinkumarBiradar.EndToEnd_Test_05" name="TC_09_SubCategory" time="3.796"/>
  <system-out/>
</testsuite> <!-- sachinkumarBiradar.EndToEnd_Test_05 -->
